\BOOKMARK [0][-]{chapter.1}{\376\377\000I\000n\000t\000r\000o\000d\000u\000c\000t\000i\000o\000n\000\040\000t\000o\000\040\000G\000r\000o\000u\000p\000s}{}% 1
\BOOKMARK [1][-]{section.1.1}{\376\377\000B\000a\000s\000i\000c\000\040\000A\000x\000i\000o\000m\000s\000\040\000a\000n\000d\000\040\000E\000x\000a\000m\000p\000l\000e\000s}{chapter.1}% 2
\BOOKMARK [2][-]{subsection.1.1.1}{\376\377\000E\000x\000e\000r\000c\000i\000s\000e\000s}{section.1.1}% 3
\BOOKMARK [1][-]{section.1.2}{\376\377\000D\000i\000h\000e\000d\000r\000a\000l\000\040\000G\000r\000o\000u\000p\000s}{chapter.1}% 4
\BOOKMARK [2][-]{subsection.1.2.1}{\376\377\000E\000x\000e\000r\000c\000i\000s\000e\000s}{section.1.2}% 5
\BOOKMARK [1][-]{section.1.3}{\376\377\000S\000y\000m\000m\000e\000t\000r\000i\000c\000\040\000G\000r\000o\000u\000p\000s}{chapter.1}% 6
\BOOKMARK [2][-]{subsection.1.3.1}{\376\377\000E\000x\000e\000r\000c\000i\000s\000e\000s}{section.1.3}% 7
\BOOKMARK [1][-]{section.1.4}{\376\377\000M\000a\000t\000r\000i\000x\000\040\000G\000r\000o\000u\000p\000s}{chapter.1}% 8
\BOOKMARK [2][-]{subsection.1.4.1}{\376\377\000E\000x\000e\000r\000c\000i\000s\000e\000s}{section.1.4}% 9
\BOOKMARK [1][-]{section.1.5}{\376\377\000T\000h\000e\000\040\000Q\000u\000a\000t\000e\000r\000n\000i\000o\000n\000\040\000G\000r\000o\000u\000p}{chapter.1}% 10
\BOOKMARK [2][-]{subsection.1.5.1}{\376\377\000E\000x\000e\000r\000c\000i\000s\000e\000s}{section.1.5}% 11
\BOOKMARK [1][-]{section.1.6}{\376\377\000H\000o\000m\000o\000m\000o\000r\000p\000h\000i\000s\000m\000s\000,\000\040\000I\000s\000o\000m\000o\000r\000p\000h\000i\000s\000m\000s\000\040\000a\000n\000d\000\040\000A\000u\000t\000o\000m\000o\000r\000p\000h\000i\000s\000m\000s}{chapter.1}% 12
\BOOKMARK [2][-]{subsection.1.6.1}{\376\377\000E\000x\000e\000r\000c\000i\000s\000e\000s}{section.1.6}% 13
\BOOKMARK [1][-]{section.1.7}{\376\377\000G\000r\000o\000u\000p\000\040\000A\000c\000t\000i\000o\000n\000s}{chapter.1}% 14
\BOOKMARK [2][-]{subsection.1.7.1}{\376\377\000E\000x\000e\000r\000c\000i\000s\000e\000s}{section.1.7}% 15
\BOOKMARK [0][-]{chapter.2}{\376\377\000S\000u\000b\000g\000r\000o\000u\000p\000s}{}% 16
\BOOKMARK [1][-]{section.2.1}{\376\377\000D\000e\000f\000i\000n\000i\000t\000i\000o\000n\000s\000\040\000a\000n\000d\000\040\000E\000x\000a\000m\000p\000l\000e\000s}{chapter.2}% 17
\BOOKMARK [2][-]{subsection.2.1.1}{\376\377\000E\000x\000e\000r\000c\000i\000s\000e\000s}{section.2.1}% 18
\BOOKMARK [1][-]{section.2.2}{\376\377\000C\000e\000n\000t\000r\000a\000l\000i\000z\000e\000r\000s\000\040\000a\000n\000d\000\040\000N\000o\000r\000m\000a\000l\000i\000z\000e\000r\000s\000,\000\040\000S\000t\000a\000b\000i\000l\000i\000z\000e\000r\000s\000\040\000a\000n\000d\000\040\000K\000e\000r\000n\000e\000l\000s}{chapter.2}% 19
\BOOKMARK [2][-]{subsection.2.2.1}{\376\377\000E\000x\000e\000r\000c\000i\000s\000e\000s}{section.2.2}% 20
\BOOKMARK [1][-]{section.2.3}{\376\377\000C\000y\000c\000l\000i\000c\000\040\000G\000r\000o\000u\000p\000s\000\040\000a\000n\000d\000\040\000C\000y\000c\000l\000i\000c\000\040\000S\000u\000b\000g\000r\000o\000u\000p\000s}{chapter.2}% 21
\BOOKMARK [2][-]{subsection.2.3.1}{\376\377\000E\000x\000e\000r\000c\000i\000s\000e\000s}{section.2.3}% 22
\BOOKMARK [1][-]{section.2.4}{\376\377\000S\000u\000b\000g\000r\000o\000u\000p\000s\000\040\000g\000e\000n\000e\000r\000a\000t\000e\000d\000\040\000b\000y\000\040\000S\000u\000b\000s\000e\000t\000s\000\040\000o\000f\000\040\000a\000\040\000G\000r\000o\000u\000p}{chapter.2}% 23
\BOOKMARK [2][-]{subsection.2.4.1}{\376\377\000E\000x\000e\000r\000c\000i\000s\000e\000s}{section.2.4}% 24
\BOOKMARK [1][-]{section.2.5}{\376\377\000T\000h\000e\000\040\000L\000a\000t\000t\000i\000c\000e\000\040\000o\000f\000\040\000S\000u\000b\000g\000r\000o\000u\000p\000s\000\040\000o\000f\000\040\000a\000\040\000G\000r\000o\000u\000p}{chapter.2}% 25
\BOOKMARK [0][-]{chapter.3}{\376\377\000Q\000u\000o\000t\000i\000e\000n\000t\000\040\000G\000r\000o\000u\000p\000s\000\040\000a\000n\000d\000\040\000H\000o\000m\000o\000m\000o\000r\000p\000h\000i\000s\000m\000s}{}% 26
\BOOKMARK [1][-]{section.3.1}{\376\377\000D\000e\000f\000i\000n\000i\000t\000i\000o\000n\000s\000\040\000a\000n\000d\000\040\000E\000x\000a\000m\000p\000l\000e\000s}{chapter.3}% 27
\BOOKMARK [2][-]{subsection.3.1.1}{\376\377\000E\000x\000e\000r\000c\000i\000s\000e\000s}{section.3.1}% 28
\BOOKMARK [1][-]{section.3.2}{\376\377\000M\000o\000r\000e\000\040\000o\000n\000\040\000C\000o\000s\000e\000t\000s\000\040\000a\000n\000d\000\040\000L\000a\000g\000r\000a\000n\000g\000e\000'\000s\000\040\000T\000h\000e\000o\000r\000e\000m}{chapter.3}% 29
\BOOKMARK [2][-]{subsection.3.2.1}{\376\377\000E\000x\000e\000r\000c\000i\000s\000e\000s}{section.3.2}% 30
\BOOKMARK [1][-]{section.3.3}{\376\377\000T\000h\000e\000\040\000I\000s\000o\000m\000o\000r\000p\000h\000i\000s\000m\000\040\000T\000h\000e\000o\000r\000e\000m\000s}{chapter.3}% 31
\BOOKMARK [2][-]{subsection.3.3.1}{\376\377\000E\000x\000e\000r\000c\000i\000s\000e\000s}{section.3.3}% 32
\BOOKMARK [1][-]{section.3.4}{\376\377\000C\000o\000m\000p\000o\000s\000i\000t\000i\000o\000n\000\040\000S\000e\000r\000i\000e\000s\000\040\000a\000n\000d\000\040\000t\000h\000e\000\040\000H\000o\000l\000d\000e\000r\000\040\000P\000r\000o\000g\000r\000a\000m}{chapter.3}% 33
\BOOKMARK [1][-]{section.3.5}{\376\377\000T\000r\000a\000n\000s\000p\000o\000s\000i\000t\000i\000o\000n\000s\000\040\000a\000n\000d\000\040\000t\000h\000e\000\040\000A\000l\000t\000e\000r\000n\000a\000t\000i\000n\000g\000\040\000G\000r\000o\000u\000p}{chapter.3}% 34
\BOOKMARK [2][-]{subsection.3.5.1}{\376\377\000E\000x\000e\000r\000c\000i\000s\000e\000s}{section.3.5}% 35
\BOOKMARK [0][-]{chapter.4}{\376\377\000G\000r\000o\000u\000p\000\040\000A\000c\000t\000i\000o\000n\000s}{}% 36
\BOOKMARK [1][-]{section.4.1}{\376\377\000G\000r\000o\000u\000p\000\040\000A\000c\000t\000i\000o\000n\000s\000\040\000a\000n\000d\000\040\000P\000e\000r\000m\000u\000t\000a\000t\000i\000o\000n\000\040\000R\000e\000p\000r\000e\000n\000t\000a\000t\000i\000o\000n\000s}{chapter.4}% 37
\BOOKMARK [1][-]{section.4.2}{\376\377\000C\000y\000c\000l\000e\000\040\000D\000e\000c\000o\000m\000p\000o\000s\000i\000t\000i\000o\000n\000s}{chapter.4}% 38
\BOOKMARK [2][-]{subsection.4.2.1}{\376\377\000E\000x\000e\000r\000c\000i\000s\000e\000s}{section.4.2}% 39
