\BOOKMARK [0][-]{chapter.1}{Introduction to Groups}{}% 1
\BOOKMARK [1][-]{section.1.1}{Basic Axioms and Examples}{chapter.1}% 2
\BOOKMARK [2][-]{subsection.1.1.1}{Exercises}{section.1.1}% 3
\BOOKMARK [1][-]{section.1.2}{Dihedral Groups}{chapter.1}% 4
\BOOKMARK [2][-]{subsection.1.2.1}{Exercises}{section.1.2}% 5
\BOOKMARK [1][-]{section.1.3}{Symmetric Groups}{chapter.1}% 6
\BOOKMARK [2][-]{subsection.1.3.1}{Exercises}{section.1.3}% 7
\BOOKMARK [1][-]{section.1.4}{Matrix Groups}{chapter.1}% 8
\BOOKMARK [2][-]{subsection.1.4.1}{Exercises}{section.1.4}% 9
\BOOKMARK [1][-]{section.1.5}{The Quaternion Group}{chapter.1}% 10
\BOOKMARK [2][-]{subsection.1.5.1}{Exercises}{section.1.5}% 11
\BOOKMARK [1][-]{section.1.6}{Homomorphisms, Isomorphisms and Automorphisms}{chapter.1}% 12
\BOOKMARK [2][-]{subsection.1.6.1}{Exercises}{section.1.6}% 13
\BOOKMARK [1][-]{section.1.7}{Group Actions}{chapter.1}% 14
\BOOKMARK [2][-]{subsection.1.7.1}{Exercises}{section.1.7}% 15
\BOOKMARK [0][-]{chapter.2}{Subgroups}{}% 16
\BOOKMARK [1][-]{section.2.1}{Definitions and Examples}{chapter.2}% 17
\BOOKMARK [2][-]{subsection.2.1.1}{Exercises}{section.2.1}% 18
\BOOKMARK [1][-]{section.2.2}{Centralizers and Normalizers, Stabilizers and Kernels}{chapter.2}% 19
\BOOKMARK [2][-]{subsection.2.2.1}{Exercises}{section.2.2}% 20
\BOOKMARK [1][-]{section.2.3}{Cyclic Groups and Cyclic Subgroups}{chapter.2}% 21
\BOOKMARK [2][-]{subsection.2.3.1}{Exercises}{section.2.3}% 22
\BOOKMARK [1][-]{section.2.4}{Subgroups generated by Subsets of a Group}{chapter.2}% 23
\BOOKMARK [2][-]{subsection.2.4.1}{Exercises}{section.2.4}% 24
\BOOKMARK [1][-]{section.2.5}{The Lattice of Subgroups of a Group}{chapter.2}% 25
\BOOKMARK [0][-]{chapter.3}{Quotient Groups and Homomorphisms}{}% 26
\BOOKMARK [1][-]{section.3.1}{Definitions and Examples}{chapter.3}% 27
\BOOKMARK [2][-]{subsection.3.1.1}{Exercises}{section.3.1}% 28
\BOOKMARK [1][-]{section.3.2}{More on Cosets and Lagrange's Theorem}{chapter.3}% 29
\BOOKMARK [2][-]{subsection.3.2.1}{Exercises}{section.3.2}% 30
\BOOKMARK [1][-]{section.3.3}{The Isomorphism Theorems}{chapter.3}% 31
\BOOKMARK [2][-]{subsection.3.3.1}{Exercises}{section.3.3}% 32
